<?xml version="1.0" encoding="UTF-8"?>
<!-- Generated by org.testng.reporters.JUnitReportReporter -->
<testsuite hostname="Future" failures="0" tests="1" name="z2DataTests.CheckBoxesTest" time="4.609" errors="0" timestamp="2022-04-28T07:05:44 EET" skipped="0">
  <testcase classname="z2DataTests.CheckBoxesTest" name="testCheckBoxes" time="4.609"/>
  <system-out/>
</testsuite> <!-- z2DataTests.CheckBoxesTest -->
