<?xml version="1.0" encoding="UTF-8"?>
<!-- Generated by org.testng.reporters.JUnitReportReporter -->
<testsuite hostname="Future" failures="0" tests="3" name="dataDrivenTests.UserRegisterationByJavaFaker" time="7.686" errors="0" timestamp="2022-04-22T06:39:35 EET" skipped="0">
  <testcase classname="dataDrivenTests.UserRegisterationByJavaFaker" name="registerdUserLogin" time="2.632"/>
  <system-out/>
  <testcase classname="dataDrivenTests.UserRegisterationByJavaFaker" name="registerdUserLogout" time="1.288"/>
  <system-out/>
  <testcase classname="dataDrivenTests.UserRegisterationByJavaFaker" name="succssfulRegisteration" time="3.766"/>
  <system-out/>
</testsuite> <!-- dataDrivenTests.UserRegisterationByJavaFaker -->
