<?xml version="1.0" encoding="UTF-8"?>
<!-- Generated by org.testng.reporters.JUnitReportReporter -->
<testsuite hostname="Future" failures="0" tests="1" name="z2DataTests.SeleniumTutorialCase1Test" time="43.155" errors="0" timestamp="2022-04-28T06:42:39 EET" skipped="0">
  <testcase classname="z2DataTests.SeleniumTutorialCase1Test" name="searchForSeleniumTutorial" time="43.155"/>
  <system-out/>
</testsuite> <!-- z2DataTests.SeleniumTutorialCase1Test -->
