<?xml version="1.0" encoding="UTF-8"?>
<!-- Generated by org.testng.reporters.JUnitReportReporter -->
<testsuite hostname="Future" failures="0" tests="1" name="tests.SearchUsingAutoSuggestTest" time="3.606" errors="0" timestamp="2022-04-14T08:16:48 EET" skipped="0">
  <testcase classname="tests.SearchUsingAutoSuggestTest" name="searchingWithAutpSuggest" time="3.606"/>
  <system-out/>
</testsuite> <!-- tests.SearchUsingAutoSuggestTest -->
