<?xml version="1.0" encoding="UTF-8"?>
<!-- Generated by org.testng.reporters.JUnitReportReporter -->
<testsuite hostname="Future" failures="0" tests="2" name="tests.ChangeCurrencyTest" time="6.495" errors="0" timestamp="2022-04-18T08:08:04 EET" skipped="0">
  <testcase classname="tests.ChangeCurrencyTest" name="userCanChangeCurrency" time="1.442"/>
  <system-out/>
  <testcase classname="tests.ChangeCurrencyTest" name="searchingWithAutoSuggest" time="5.053"/>
  <system-out/>
</testsuite> <!-- tests.ChangeCurrencyTest -->
