<?xml version="1.0" encoding="UTF-8"?>
<!-- Generated by org.testng.reporters.JUnitReportReporter -->
<testsuite hostname="Future" failures="0" tests="3" name="tests.UserRegisterationTest" time="8.852" errors="0" timestamp="2022-04-20T09:07:19 EET" skipped="0">
  <testcase classname="tests.UserRegisterationTest" name="registerdUserLogout" time="1.358"/>
  <system-out/>
  <testcase classname="tests.UserRegisterationTest" name="registerdUserLogin" time="2.875"/>
  <system-out/>
  <testcase classname="tests.UserRegisterationTest" name="succssfulRegisteration" time="4.619"/>
  <system-out/>
</testsuite> <!-- tests.UserRegisterationTest -->
