<?xml version="1.0" encoding="UTF-8"?>
<!-- Generated by org.testng.reporters.JUnitReportReporter -->
<testsuite hostname="Future" failures="0" tests="1" name="tests.HoverMenuTest" time="1.862" errors="0" timestamp="2022-04-18T09:44:48 EET" skipped="0">
  <testcase classname="tests.HoverMenuTest" name="userCanChoseFromHoverList" time="1.862"/>
  <system-out/>
</testsuite> <!-- tests.HoverMenuTest -->
