<?xml version="1.0" encoding="UTF-8"?>
<!-- Generated by org.testng.reporters.JUnitReportReporter -->
<testsuite hostname="Future" failures="0" tests="3" name="tests.AddProductToWishListTest" time="10.775" errors="0" timestamp="2022-04-19T05:18:42 EET" skipped="0">
  <testcase classname="tests.AddProductToWishListTest" name="searchingWithAutoSuggest" time="6.721"/>
  <system-out/>
  <testcase classname="tests.AddProductToWishListTest" name="addProductToWishList" time="3.191"/>
  <system-out/>
  <testcase classname="tests.AddProductToWishListTest" name="removeProductFromWishlist" time="0.863"/>
  <system-out/>
</testsuite> <!-- tests.AddProductToWishListTest -->
