<?xml version="1.0" encoding="UTF-8"?>
<!-- Generated by org.testng.reporters.JUnitReportReporter -->
<testsuite hostname="Future" failures="0" tests="4" name="dataDrivenTests.UserRegisterationByExcelFile" time="53.242" errors="0" timestamp="2022-04-21T06:35:00 EET" skipped="0">
  <testcase classname="dataDrivenTests.UserRegisterationByExcelFile" name="succssfulRegisteration" time="8.246"/>
  <system-out/>
  <testcase classname="dataDrivenTests.UserRegisterationByExcelFile" name="succssfulRegisteration" time="13.916"/>
  <system-out/>
  <testcase classname="dataDrivenTests.UserRegisterationByExcelFile" name="succssfulRegisteration" time="8.641"/>
  <system-out/>
  <testcase classname="dataDrivenTests.UserRegisterationByExcelFile" name="succssfulRegisteration" time="22.439"/>
  <system-out/>
</testsuite> <!-- dataDrivenTests.UserRegisterationByExcelFile -->
