<?xml version="1.0" encoding="UTF-8"?>
<!-- Generated by org.testng.reporters.JUnitReportReporter -->
<testsuite hostname="Future" failures="0" tests="3" name="tests.EmailToFriendTest" time="13.232" errors="0" timestamp="2022-04-25T06:17:20 EET" skipped="0">
  <testcase classname="tests.EmailToFriendTest" name="succssfulRegisteration" time="5.711"/>
  <system-out/>
  <testcase classname="tests.EmailToFriendTest" name="searchingWithAutoSuggest" time="3.635"/>
  <system-out/>
  <testcase classname="tests.EmailToFriendTest" name="EmailProductToFriend" time="3.886"/>
  <system-out/>
</testsuite> <!-- tests.EmailToFriendTest -->
