<?xml version="1.0" encoding="UTF-8"?>
<!-- Generated by org.testng.reporters.JUnitReportReporter -->
<testsuite hostname="Future" failures="0" tests="4" name="tests.CheckoutTest" time="25.574" errors="0" timestamp="2022-04-20T06:02:39 EET" skipped="0">
  <testcase classname="tests.CheckoutTest" name="succssfulRegisteration" time="3.826"/>
  <system-out/>
  <testcase classname="tests.CheckoutTest" name="searchingWithAutoSuggest" time="3.132"/>
  <system-out/>
  <testcase classname="tests.CheckoutTest" name="ShoppingCart" time="4.954"/>
  <system-out/>
  <testcase classname="tests.CheckoutTest" name="checkoutCompletion" time="13.662"/>
  <system-out/>
</testsuite> <!-- tests.CheckoutTest -->
