<?xml version="1.0" encoding="UTF-8"?>
<!-- Generated by org.testng.reporters.JUnitReportReporter -->
<testsuite hostname="Future" failures="0" tests="1" name="tests.SearchTest" time="5.519" errors="0" timestamp="2022-04-14T07:33:20 EET" skipped="0">
  <testcase classname="tests.SearchTest" name="search" time="5.519"/>
  <system-out/>
</testsuite> <!-- tests.SearchTest -->
