<?xml version="1.0" encoding="UTF-8"?>
<!-- Generated by org.testng.reporters.JUnitReportReporter -->
<testsuite hostname="Future" failures="0" tests="3" name="dataDrivenTests.UserRegisterationByPropertiesFile" time="9.076" errors="0" timestamp="2022-04-21T05:07:50 EET" skipped="0">
  <testcase classname="dataDrivenTests.UserRegisterationByPropertiesFile" name="registerdUserLogin" time="2.617"/>
  <system-out/>
  <testcase classname="dataDrivenTests.UserRegisterationByPropertiesFile" name="registerdUserLogout" time="1.237"/>
  <system-out/>
  <testcase classname="dataDrivenTests.UserRegisterationByPropertiesFile" name="succssfulRegisteration" time="5.222"/>
  <system-out/>
</testsuite> <!-- dataDrivenTests.UserRegisterationByPropertiesFile -->
