<?xml version="1.0" encoding="UTF-8"?>
<!-- Generated by org.testng.reporters.JUnitReportReporter -->
<testsuite hostname="Future" failures="0" tests="3" name="tests.ProductReviewTest" time="25.948" errors="0" timestamp="2022-04-18T08:53:37 EET" skipped="0">
  <testcase classname="tests.ProductReviewTest" name="succssfulRegisteration" time="5.277"/>
  <system-out/>
  <testcase classname="tests.ProductReviewTest" name="searchingWithAutoSuggest" time="16.423"/>
  <system-out/>
  <testcase classname="tests.ProductReviewTest" name="EmailProductToFriend" time="4.248"/>
  <system-out/>
</testsuite> <!-- tests.ProductReviewTest -->
