<?xml version="1.0" encoding="UTF-8"?>
<!-- Generated by org.testng.reporters.JUnitReportReporter -->
<testsuite hostname="Future" failures="0" tests="1" name="dataDrivenTests.UserRegisterationByCSVFile" time="37.876" errors="0" timestamp="2022-04-21T07:44:37 EET" skipped="0">
  <testcase classname="dataDrivenTests.UserRegisterationByCSVFile" name="succssfulRegisteration" time="37.876"/>
  <system-out/>
</testsuite> <!-- dataDrivenTests.UserRegisterationByCSVFile -->
