<?xml version="1.0" encoding="UTF-8"?>
<!-- Generated by org.testng.reporters.JUnitReportReporter -->
<testsuite hostname="Future" failures="0" tests="1" name="z2DataTests.TableTest" time="10.143" errors="0" timestamp="2022-05-01T01:35:10 EET" skipped="0">
  <testcase classname="z2DataTests.TableTest" name="testingTable" time="10.143"/>
  <system-out/>
</testsuite> <!-- z2DataTests.TableTest -->
