<?xml version="1.0" encoding="UTF-8"?>
<!-- Generated by org.testng.reporters.JUnitReportReporter -->
<testsuite hostname="Future" failures="0" tests="4" name="tests.compareProductsTest" time="34.623" errors="0" timestamp="2022-04-30T06:38:27 EET" skipped="0">
  <testcase classname="tests.compareProductsTest" name="searchingForTheFirstProduct" time="15.297"/>
  <system-out/>
  <testcase classname="tests.compareProductsTest" name="searchingForTheSecondProduct" time="12.773"/>
  <system-out/>
  <testcase classname="tests.compareProductsTest" name="compareProducts" time="4.956"/>
  <system-out/>
  <testcase classname="tests.compareProductsTest" name="clearCompareList" time="1.597"/>
  <system-out/>
</testsuite> <!-- tests.compareProductsTest -->
