<?xml version="1.0" encoding="UTF-8"?>
<!-- Generated by org.testng.reporters.JUnitReportReporter -->
<testsuite hostname="Future" failures="0" tests="1" name="dataDrivenTests.UserRegisterationByJsonFile" time="7.770" errors="0" timestamp="2022-04-22T06:03:31 EET" skipped="0">
  <testcase classname="dataDrivenTests.UserRegisterationByJsonFile" name="succssfulRegisteration" time="7.770"/>
  <system-out/>
</testsuite> <!-- dataDrivenTests.UserRegisterationByJsonFile -->
