<?xml version="1.0" encoding="UTF-8"?>
<!-- Generated by org.testng.reporters.JUnitReportReporter -->
<testsuite hostname="Future" failures="0" tests="1" name="z2DataTests.UploadImageTest" time="5.539" errors="0" timestamp="2022-04-29T21:48:22 EET" skipped="0">
  <testcase classname="z2DataTests.UploadImageTest" name="testUploadingImage" time="5.539"/>
  <system-out/>
</testsuite> <!-- z2DataTests.UploadImageTest -->
