<?xml version="1.0" encoding="UTF-8"?>
<!-- Generated by org.testng.reporters.JUnitReportReporter -->
<testsuite hostname="Future" failures="0" tests="1" name="tests.ContactUsTest" time="3.104" errors="0" timestamp="2022-04-18T06:40:05 EET" skipped="0">
  <testcase classname="tests.ContactUsTest" name="userCanContactUs" time="3.104"/>
  <system-out/>
</testsuite> <!-- tests.ContactUsTest -->
