<?xml version="1.0" encoding="UTF-8"?>
<!-- Generated by org.testng.reporters.JUnitReportReporter -->
<testsuite hostname="Future" failures="0" tests="1" name="z2DataTests.DownloadExcelTest" time="16.559" errors="0" timestamp="2022-05-01T01:55:32 EET" skipped="0">
  <testcase classname="z2DataTests.DownloadExcelTest" name="DownloadExcelFile" time="16.559"/>
  <system-out/>
</testsuite> <!-- z2DataTests.DownloadExcelTest -->
