<?xml version="1.0" encoding="UTF-8"?>
<!-- Generated by org.testng.reporters.JUnitReportReporter -->
<testsuite hostname="Future" failures="0" tests="4" name="dataDrivenTest.UserRegisteration" time="34.642" errors="0" timestamp="2022-04-20T09:11:44 EET" skipped="0">
  <testcase classname="dataDrivenTest.UserRegisteration" name="succssfulRegisteration" time="8.428"/>
  <system-out/>
  <testcase classname="dataDrivenTest.UserRegisteration" name="succssfulRegisteration" time="8.813"/>
  <system-out/>
  <testcase classname="dataDrivenTest.UserRegisteration" name="succssfulRegisteration" time="8.066"/>
  <system-out/>
  <testcase classname="dataDrivenTest.UserRegisteration" name="succssfulRegisteration" time="9.335"/>
  <system-out/>
</testsuite> <!-- dataDrivenTest.UserRegisteration -->
